This is pdfTeX, Version 3.141592653-2.6-1.40.22 (TeX Live 2021) (preloaded format=pdflatex 2021.9.5)  12 FEB 2023 16:12
entering extended mode
 restricted \write18 enabled.
 file:line:error style messages enabled.
 %&-line parsing enabled.
**dlin319-analysis.tex
(./dlin319-analysis.tex
LaTeX2e <2020-10-01> patch level 4
L3 programming layer <2021-02-18>
(/usr/local/texlive/2021/texmf-dist/tex/latex/base/article.cls
Document Class: article 2020/04/10 v1.4m Standard LaTeX document class
(/usr/local/texlive/2021/texmf-dist/tex/latex/base/size12.clo
File: size12.clo 2020/04/10 v1.4m Standard LaTeX file (size option)
)
\c@part=\count179
\c@section=\count180
\c@subsection=\count181
\c@subsubsection=\count182
\c@paragraph=\count183
\c@subparagraph=\count184
\c@figure=\count185
\c@table=\count186
\abovecaptionskip=\skip47
\belowcaptionskip=\skip48
\bibindent=\dimen138
)
(/usr/local/texlive/2021/texmf-dist/tex/latex/enumitem/enumitem.sty
Package: enumitem 2019/06/20 v3.9 Customized lists
\enitkv@toks@=\toks15
\labelindent=\skip49
\enit@outerparindent=\dimen139
\enit@toks=\toks16
\enit@inbox=\box47
\enit@count@id=\count187
\enitdp@description=\count188
)
(/usr/local/texlive/2021/texmf-dist/tex/latex/setspace/setspace.sty
Package: setspace 2011/12/19 v6.7a set line spacing
)
(/usr/local/texlive/2021/texmf-dist/tex/latex/graphics/graphicx.sty
Package: graphicx 2020/09/09 v1.2b Enhanced LaTeX Graphics (DPC,SPQR)

(/usr/local/texlive/2021/texmf-dist/tex/latex/graphics/keyval.sty
Package: keyval 2014/10/28 v1.15 key=value parser (DPC)
\KV@toks@=\toks17
)
(/usr/local/texlive/2021/texmf-dist/tex/latex/graphics/graphics.sty
Package: graphics 2020/08/30 v1.4c Standard LaTeX Graphics (DPC,SPQR)

(/usr/local/texlive/2021/texmf-dist/tex/latex/graphics/trig.sty
Package: trig 2016/01/03 v1.10 sin cos tan (DPC)
)
(/usr/local/texlive/2021/texmf-dist/tex/latex/graphics-cfg/graphics.cfg
File: graphics.cfg 2016/06/04 v1.11 sample graphics configuration
)
Package graphics Info: Driver file: pdftex.def on input line 105.

(/usr/local/texlive/2021/texmf-dist/tex/latex/graphics-def/pdftex.def
File: pdftex.def 2020/10/05 v1.2a Graphics/color driver for pdftex
))
\Gin@req@height=\dimen140
\Gin@req@width=\dimen141
)
(/usr/local/texlive/2021/texmf-dist/tex/latex/caption/subcaption.sty
Package: subcaption 2020/10/07 v1.3j Sub-captions (AR)

(/usr/local/texlive/2021/texmf-dist/tex/latex/caption/caption.sty
Package: caption 2020/10/26 v3.5g Customizing captions (AR)

(/usr/local/texlive/2021/texmf-dist/tex/latex/caption/caption3.sty
Package: caption3 2020/10/21 v2.2e caption3 kernel (AR)
\captionmargin=\dimen142
\captionmargin@=\dimen143
\captionwidth=\dimen144
\caption@tempdima=\dimen145
\caption@indent=\dimen146
\caption@parindent=\dimen147
\caption@hangindent=\dimen148
Package caption Info: Standard document class detected.
)
\c@caption@flags=\count189
\c@continuedfloat=\count190
)
\c@subfigure=\count191
\c@subtable=\count192
)
(/usr/local/texlive/2021/texmf-dist/tex/latex/amsmath/amsmath.sty
Package: amsmath 2020/09/23 v2.17i AMS math features
\@mathmargin=\skip50

For additional information on amsmath, use the `?' option.
(/usr/local/texlive/2021/texmf-dist/tex/latex/amsmath/amstext.sty
Package: amstext 2000/06/29 v2.01 AMS text

(/usr/local/texlive/2021/texmf-dist/tex/latex/amsmath/amsgen.sty
File: amsgen.sty 1999/11/30 v2.0 generic functions
\@emptytoks=\toks18
\ex@=\dimen149
))
(/usr/local/texlive/2021/texmf-dist/tex/latex/amsmath/amsbsy.sty
Package: amsbsy 1999/11/29 v1.2d Bold Symbols
\pmbraise@=\dimen150
)
(/usr/local/texlive/2021/texmf-dist/tex/latex/amsmath/amsopn.sty
Package: amsopn 2016/03/08 v2.02 operator names
)
\inf@bad=\count193
LaTeX Info: Redefining \frac on input line 234.
\uproot@=\count194
\leftroot@=\count195
LaTeX Info: Redefining \overline on input line 399.
\classnum@=\count196
\DOTSCASE@=\count197
LaTeX Info: Redefining \ldots on input line 496.
LaTeX Info: Redefining \dots on input line 499.
LaTeX Info: Redefining \cdots on input line 620.
\Mathstrutbox@=\box48
\strutbox@=\box49
\big@size=\dimen151
LaTeX Font Info:    Redeclaring font encoding OML on input line 743.
LaTeX Font Info:    Redeclaring font encoding OMS on input line 744.
\macc@depth=\count198
\c@MaxMatrixCols=\count199
\dotsspace@=\muskip16
\c@parentequation=\count266
\dspbrk@lvl=\count267
\tag@help=\toks19
\row@=\count268
\column@=\count269
\maxfields@=\count270
\andhelp@=\toks20
\eqnshift@=\dimen152
\alignsep@=\dimen153
\tagshift@=\dimen154
\tagwidth@=\dimen155
\totwidth@=\dimen156
\lineht@=\dimen157
\@envbody=\toks21
\multlinegap=\skip51
\multlinetaggap=\skip52
\mathdisplay@stack=\toks22
LaTeX Info: Redefining \[ on input line 2923.
LaTeX Info: Redefining \] on input line 2924.
)
(/usr/local/texlive/2021/texmf-dist/tex/latex/amscls/amsthm.sty
Package: amsthm 2020/05/29 v2.20.6
\thm@style=\toks23
\thm@bodyfont=\toks24
\thm@headfont=\toks25
\thm@notefont=\toks26
\thm@headpunct=\toks27
\thm@preskip=\skip53
\thm@postskip=\skip54
\thm@headsep=\skip55
\dth@everypar=\toks28
)
(/usr/local/texlive/2021/texmf-dist/tex/latex/float/float.sty
Package: float 2001/11/08 v1.3d Float enhancements (AL)
\c@float@type=\count271
\float@exts=\toks29
\float@box=\box50
\@float@everytoks=\toks30
\@floatcapt=\box51
)
(/usr/local/texlive/2021/texmf-dist/tex/latex/booktabs/booktabs.sty
Package: booktabs 2020/01/12 v1.61803398 Publication quality tables
\heavyrulewidth=\dimen158
\lightrulewidth=\dimen159
\cmidrulewidth=\dimen160
\belowrulesep=\dimen161
\belowbottomsep=\dimen162
\aboverulesep=\dimen163
\abovetopsep=\dimen164
\cmidrulesep=\dimen165
\cmidrulekern=\dimen166
\defaultaddspace=\dimen167
\@cmidla=\count272
\@cmidlb=\count273
\@aboverulesep=\dimen168
\@belowrulesep=\dimen169
\@thisruleclass=\count274
\@lastruleclass=\count275
\@thisrulewidth=\dimen170
)
(/usr/local/texlive/2021/texmf-dist/tex/latex/hyperref/hyperref.sty
Package: hyperref 2021-02-27 v7.00k Hypertext links for LaTeX

(/usr/local/texlive/2021/texmf-dist/tex/generic/ltxcmds/ltxcmds.sty
Package: ltxcmds 2020-05-10 v1.25 LaTeX kernel commands for general use (HO)
)
(/usr/local/texlive/2021/texmf-dist/tex/generic/iftex/iftex.sty
Package: iftex 2020/03/06 v1.0d TeX engine tests
)
(/usr/local/texlive/2021/texmf-dist/tex/generic/pdftexcmds/pdftexcmds.sty
Package: pdftexcmds 2020-06-27 v0.33 Utility functions of pdfTeX for LuaTeX (HO
)

(/usr/local/texlive/2021/texmf-dist/tex/generic/infwarerr/infwarerr.sty
Package: infwarerr 2019/12/03 v1.5 Providing info/warning/error messages (HO)
)
Package pdftexcmds Info: \pdf@primitive is available.
Package pdftexcmds Info: \pdf@ifprimitive is available.
Package pdftexcmds Info: \pdfdraftmode found.
)
(/usr/local/texlive/2021/texmf-dist/tex/generic/kvsetkeys/kvsetkeys.sty
Package: kvsetkeys 2019/12/15 v1.18 Key value parser (HO)
)
(/usr/local/texlive/2021/texmf-dist/tex/generic/kvdefinekeys/kvdefinekeys.sty
Package: kvdefinekeys 2019-12-19 v1.6 Define keys (HO)
)
(/usr/local/texlive/2021/texmf-dist/tex/generic/pdfescape/pdfescape.sty
Package: pdfescape 2019/12/09 v1.15 Implements pdfTeX's escape features (HO)
)
(/usr/local/texlive/2021/texmf-dist/tex/latex/hycolor/hycolor.sty
Package: hycolor 2020-01-27 v1.10 Color options for hyperref/bookmark (HO)
)
(/usr/local/texlive/2021/texmf-dist/tex/latex/letltxmacro/letltxmacro.sty
Package: letltxmacro 2019/12/03 v1.6 Let assignment for LaTeX macros (HO)
)
(/usr/local/texlive/2021/texmf-dist/tex/latex/auxhook/auxhook.sty
Package: auxhook 2019-12-17 v1.6 Hooks for auxiliary files (HO)
)
(/usr/local/texlive/2021/texmf-dist/tex/latex/kvoptions/kvoptions.sty
Package: kvoptions 2020-10-07 v3.14 Key value format for package options (HO)
)
\@linkdim=\dimen171
\Hy@linkcounter=\count276
\Hy@pagecounter=\count277

(/usr/local/texlive/2021/texmf-dist/tex/latex/hyperref/pd1enc.def
File: pd1enc.def 2021-02-27 v7.00k Hyperref: PDFDocEncoding definition (HO)
Now handling font encoding PD1 ...
... no UTF-8 mapping file for font encoding PD1
)
(/usr/local/texlive/2021/texmf-dist/tex/latex/hyperref/hyperref-langpatches.def
File: hyperref-langpatches.def 2021-02-27 v7.00k Hyperref: patches for babel la
nguages
) (/usr/local/texlive/2021/texmf-dist/tex/generic/intcalc/intcalc.sty
Package: intcalc 2019/12/15 v1.3 Expandable calculations with integers (HO)
)
(/usr/local/texlive/2021/texmf-dist/tex/generic/etexcmds/etexcmds.sty
Package: etexcmds 2019/12/15 v1.7 Avoid name clashes with e-TeX commands (HO)
)
\Hy@SavedSpaceFactor=\count278

(/usr/local/texlive/2021/texmf-dist/tex/latex/hyperref/puenc.def
File: puenc.def 2021-02-27 v7.00k Hyperref: PDF Unicode definition (HO)
Now handling font encoding PU ...
... no UTF-8 mapping file for font encoding PU
)
Package hyperref Info: Option `colorlinks' set `true' on input line 4073.
Package hyperref Info: Hyper figures OFF on input line 4192.
Package hyperref Info: Link nesting OFF on input line 4197.
Package hyperref Info: Hyper index ON on input line 4200.
Package hyperref Info: Plain pages OFF on input line 4207.
Package hyperref Info: Backreferencing OFF on input line 4212.
Package hyperref Info: Implicit mode ON; LaTeX internals redefined.
Package hyperref Info: Bookmarks ON on input line 4445.
\c@Hy@tempcnt=\count279

(/usr/local/texlive/2021/texmf-dist/tex/latex/url/url.sty
\Urlmuskip=\muskip17
Package: url 2013/09/16  ver 3.4  Verb mode for urls, etc.
)
LaTeX Info: Redefining \url on input line 4804.
\XeTeXLinkMargin=\dimen172

(/usr/local/texlive/2021/texmf-dist/tex/generic/bitset/bitset.sty
Package: bitset 2019/12/09 v1.3 Handle bit-vector datatype (HO)

(/usr/local/texlive/2021/texmf-dist/tex/generic/bigintcalc/bigintcalc.sty
Package: bigintcalc 2019/12/15 v1.5 Expandable calculations on big integers (HO
)
))
\Fld@menulength=\count280
\Field@Width=\dimen173
\Fld@charsize=\dimen174
Package hyperref Info: Hyper figures OFF on input line 6075.
Package hyperref Info: Link nesting OFF on input line 6080.
Package hyperref Info: Hyper index ON on input line 6083.
Package hyperref Info: backreferencing OFF on input line 6090.
Package hyperref Info: Link coloring ON on input line 6093.
Package hyperref Info: Link coloring with OCG OFF on input line 6100.
Package hyperref Info: PDF/A mode OFF on input line 6105.
LaTeX Info: Redefining \ref on input line 6145.
LaTeX Info: Redefining \pageref on input line 6149.

(/usr/local/texlive/2021/texmf-dist/tex/latex/base/atbegshi-ltx.sty
Package: atbegshi-ltx 2020/08/17 v1.0a Emulation of the original atbegshi packa
ge
with kernel methods
)
\Hy@abspage=\count281
\c@Item=\count282
\c@Hfootnote=\count283
)
Package hyperref Info: Driver (autodetected): hpdftex.

(/usr/local/texlive/2021/texmf-dist/tex/latex/hyperref/hpdftex.def
File: hpdftex.def 2021-02-27 v7.00k Hyperref driver for pdfTeX

(/usr/local/texlive/2021/texmf-dist/tex/latex/base/atveryend-ltx.sty
Package: atveryend-ltx 2020/08/19 v1.0a Emulation of the original atvery packag
e
with kernel methods
)
\Fld@listcount=\count284
\c@bookmark@seq@number=\count285

(/usr/local/texlive/2021/texmf-dist/tex/latex/rerunfilecheck/rerunfilecheck.sty
Package: rerunfilecheck 2019/12/05 v1.9 Rerun checks for auxiliary files (HO)

(/usr/local/texlive/2021/texmf-dist/tex/generic/uniquecounter/uniquecounter.sty
Package: uniquecounter 2019/12/15 v1.4 Provide unlimited unique counter (HO)
)
Package uniquecounter Info: New unique counter `rerunfilecheck' on input line 2
86.
)
\Hy@SectionHShift=\skip56
) (/usr/local/texlive/2021/texmf-dist/tex/latex/algorithm2e/algorithm2e.sty
Package: algorithm2e 2017/07/18 v5.2 algorithms environments
\c@AlgoLine=\count286

(/usr/local/texlive/2021/texmf-dist/tex/latex/base/ifthen.sty
Package: ifthen 2014/09/29 v1.1c Standard LaTeX ifthen package (DPC)
)
\algocf@hangindent=\skip57

(/usr/local/texlive/2021/texmf-dist/tex/latex/ifoddpage/ifoddpage.sty
Package: ifoddpage 2016/04/23 v1.1 Conditionals for odd/even page detection
\c@checkoddpage=\count287
)
(/usr/local/texlive/2021/texmf-dist/tex/latex/tools/xspace.sty
Package: xspace 2014/10/28 v1.13 Space after command names (DPC,MH)
)
(/usr/local/texlive/2021/texmf-dist/tex/latex/relsize/relsize.sty
Package: relsize 2013/03/29 ver 4.1
)
\skiptotal=\skip58
\skiplinenumber=\skip59
\skiprule=\skip60
\skiphlne=\skip61
\skiptext=\skip62
\skiplength=\skip63
\algomargin=\skip64
\skipalgocfslide=\skip65
\algowidth=\dimen175
\inoutsize=\dimen176
\inoutindent=\dimen177
\interspacetitleruled=\dimen178
\interspacealgoruled=\dimen179
\interspacetitleboxruled=\dimen180
\algocf@ruledwidth=\skip66
\algocf@inoutbox=\box52
\algocf@inputbox=\box53
\AlCapSkip=\skip67
\AlCapHSkip=\skip68
\algoskipindent=\skip69
\algocf@nlbox=\box54
\algocf@hangingbox=\box55
\algocf@untilbox=\box56
\algocf@skipuntil=\skip70
\algocf@capbox=\box57
\algocf@lcaptionbox=\skip71
\algoheightruledefault=\skip72
\algoheightrule=\skip73
\algotitleheightruledefault=\skip74
\algotitleheightrule=\skip75
\c@algocfline=\count288
\c@algocfproc=\count289
\c@algocf=\count290
\algocf@algoframe=\box58
\algocf@algobox=\box59
)
(/usr/local/texlive/2021/texmf-dist/tex/latex/xcolor/xcolor.sty
Package: xcolor 2016/05/11 v2.12 LaTeX color extensions (UK)

(/usr/local/texlive/2021/texmf-dist/tex/latex/graphics-cfg/color.cfg
File: color.cfg 2016/01/02 v1.6 sample color configuration
)
Package xcolor Info: Driver file: pdftex.def on input line 225.
Package xcolor Info: Model `cmy' substituted by `cmy0' on input line 1348.
Package xcolor Info: Model `hsb' substituted by `rgb' on input line 1352.
Package xcolor Info: Model `RGB' extended on input line 1364.
Package xcolor Info: Model `HTML' substituted by `rgb' on input line 1366.
Package xcolor Info: Model `Hsb' substituted by `hsb' on input line 1367.
Package xcolor Info: Model `tHsb' substituted by `hsb' on input line 1368.
Package xcolor Info: Model `HSB' substituted by `hsb' on input line 1369.
Package xcolor Info: Model `Gray' substituted by `gray' on input line 1370.
Package xcolor Info: Model `wave' substituted by `hsb' on input line 1371.
)
(/usr/local/texlive/2021/texmf-dist/tex/latex/listings/listings.sty
\lst@mode=\count291
\lst@gtempboxa=\box60
\lst@token=\toks31
\lst@length=\count292
\lst@currlwidth=\dimen181
\lst@column=\count293
\lst@pos=\count294
\lst@lostspace=\dimen182
\lst@width=\dimen183
\lst@newlines=\count295
\lst@lineno=\count296
\lst@maxwidth=\dimen184

(/usr/local/texlive/2021/texmf-dist/tex/latex/listings/lstmisc.sty
File: lstmisc.sty 2020/03/24 1.8d (Carsten Heinz)
\c@lstnumber=\count297
\lst@skipnumbers=\count298
\lst@framebox=\box61
)
(/usr/local/texlive/2021/texmf-dist/tex/latex/listings/listings.cfg
File: listings.cfg 2020/03/24 1.8d listings configuration
))
Package: listings 2020/03/24 1.8d (Carsten Heinz)

(/usr/local/texlive/2021/texmf-dist/tex/latex/l3backend/l3backend-pdftex.def
File: l3backend-pdftex.def 2021-03-18 L3 backend support: PDF output (pdfTeX)
\l__color_backend_stack_int=\count299
\l__pdf_internal_box=\box62
)
(./dlin319-analysis.aux)
\openout1 = `dlin319-analysis.aux'.

LaTeX Font Info:    Checking defaults for OML/cmm/m/it on input line 39.
LaTeX Font Info:    ... okay on input line 39.
LaTeX Font Info:    Checking defaults for OMS/cmsy/m/n on input line 39.
LaTeX Font Info:    ... okay on input line 39.
LaTeX Font Info:    Checking defaults for OT1/cmr/m/n on input line 39.
LaTeX Font Info:    ... okay on input line 39.
LaTeX Font Info:    Checking defaults for T1/cmr/m/n on input line 39.
LaTeX Font Info:    ... okay on input line 39.
LaTeX Font Info:    Checking defaults for TS1/cmr/m/n on input line 39.
LaTeX Font Info:    ... okay on input line 39.
LaTeX Font Info:    Checking defaults for OMX/cmex/m/n on input line 39.
LaTeX Font Info:    ... okay on input line 39.
LaTeX Font Info:    Checking defaults for U/cmr/m/n on input line 39.
LaTeX Font Info:    ... okay on input line 39.
LaTeX Font Info:    Checking defaults for PD1/pdf/m/n on input line 39.
LaTeX Font Info:    ... okay on input line 39.
LaTeX Font Info:    Checking defaults for PU/pdf/m/n on input line 39.
LaTeX Font Info:    ... okay on input line 39.

(/usr/local/texlive/2021/texmf-dist/tex/context/base/mkii/supp-pdf.mkii
[Loading MPS to PDF converter (version 2006.09.02).]
\scratchcounter=\count300
\scratchdimen=\dimen185
\scratchbox=\box63
\nofMPsegments=\count301
\nofMParguments=\count302
\everyMPshowfont=\toks32
\MPscratchCnt=\count303
\MPscratchDim=\dimen186
\MPnumerator=\count304
\makeMPintoPDFobject=\count305
\everyMPtoPDFconversion=\toks33
) (/usr/local/texlive/2021/texmf-dist/tex/latex/epstopdf-pkg/epstopdf-base.sty
Package: epstopdf-base 2020-01-24 v2.11 Base part for package epstopdf
Package epstopdf-base Info: Redefining graphics rule for `.eps' on input line 4
85.

(/usr/local/texlive/2021/texmf-dist/tex/latex/latexconfig/epstopdf-sys.cfg
File: epstopdf-sys.cfg 2010/07/13 v1.3 Configuration of (r)epstopdf for TeX Liv
e
))
Package caption Info: Begin \AtBeginDocument code.
Package caption Info: float package is loaded.
Package caption Info: hyperref package is loaded.
Package caption Info: listings package is loaded.
Package caption Info: End \AtBeginDocument code.
Package hyperref Info: Link coloring ON on input line 39.

(/usr/local/texlive/2021/texmf-dist/tex/latex/hyperref/nameref.sty
Package: nameref 2021-04-02 v2.47 Cross-referencing by name of section

(/usr/local/texlive/2021/texmf-dist/tex/latex/refcount/refcount.sty
Package: refcount 2019/12/15 v3.6 Data extraction from label references (HO)
)
(/usr/local/texlive/2021/texmf-dist/tex/generic/gettitlestring/gettitlestring.s
ty
Package: gettitlestring 2019/12/15 v1.6 Cleanup title references (HO)
)
\c@section@level=\count306
)
LaTeX Info: Redefining \ref on input line 39.
LaTeX Info: Redefining \pageref on input line 39.
LaTeX Info: Redefining \nameref on input line 39.
 (./dlin319-analysis.out) (./dlin319-analysis.out)
\@outlinefile=\write3
\openout3 = `dlin319-analysis.out'.

\c@lstlisting=\count307
 [1

{/usr/local/texlive/2021/texmf-var/fonts/map/pdftex/updmap/pdftex.map}] [2]
<../plots//nfl/decision_tree_Depth_AUC.png, id=57, 462.528pt x 346.896pt>
File: ../plots//nfl/decision_tree_Depth_AUC.png Graphic file (type png)
<use ../plots//nfl/decision_tree_Depth_AUC.png>
Package pdftex.def Info: ../plots//nfl/decision_tree_Depth_AUC.png  used on inp
ut line 82.
(pdftex.def)             Requested size: 234.87749pt x 176.15768pt.
<../plots//income/decision_tree_Depth_AUC.png, id=59, 462.528pt x 346.896pt>
File: ../plots//income/decision_tree_Depth_AUC.png Graphic file (type png)
<use ../plots//income/decision_tree_Depth_AUC.png>
Package pdftex.def Info: ../plots//income/decision_tree_Depth_AUC.png  used on 
input line 86.
(pdftex.def)             Requested size: 234.87749pt x 176.15768pt.
<../plots//nfl/decision_tree_accuracy_learning_curve.png, id=60, 462.528pt x 34
6.896pt>
File: ../plots//nfl/decision_tree_accuracy_learning_curve.png Graphic file (typ
e png)
<use ../plots//nfl/decision_tree_accuracy_learning_curve.png>
Package pdftex.def Info: ../plots//nfl/decision_tree_accuracy_learning_curve.pn
g  used on input line 97.
(pdftex.def)             Requested size: 234.87749pt x 176.15768pt.
<../plots//income/decision_tree_accuracy_learning_curve.png, id=61, 462.528pt x
 346.896pt>
File: ../plots//income/decision_tree_accuracy_learning_curve.png Graphic file (
type png)
<use ../plots//income/decision_tree_accuracy_learning_curve.png>
Package pdftex.def Info: ../plots//income/decision_tree_accuracy_learning_curve
.png  used on input line 101.
(pdftex.def)             Requested size: 234.87749pt x 176.15768pt.
 [3 <../plots//nfl/decision_tree_Depth_AUC.png> <../plots//income/decision_tree
_Depth_AUC.png>]
<../plots//nfl/knn_n_neighbors_AUC.png, id=69, 462.528pt x 346.896pt>
File: ../plots//nfl/knn_n_neighbors_AUC.png Graphic file (type png)
<use ../plots//nfl/knn_n_neighbors_AUC.png>
Package pdftex.def Info: ../plots//nfl/knn_n_neighbors_AUC.png  used on input l
ine 113.
(pdftex.def)             Requested size: 234.87749pt x 176.15768pt.
<../plots//income/knn_n_neighbors_AUC.png, id=70, 462.528pt x 346.896pt>
File: ../plots//income/knn_n_neighbors_AUC.png Graphic file (type png)
<use ../plots//income/knn_n_neighbors_AUC.png>
Package pdftex.def Info: ../plots//income/knn_n_neighbors_AUC.png  used on inpu
t line 117.
(pdftex.def)             Requested size: 234.87749pt x 176.15768pt.
 [4 <../plots//nfl/decision_tree_accuracy_learning_curve.png> <../plots//income
/decision_tree_accuracy_learning_curve.png> <../plots//nfl/knn_n_neighbors_AUC.
png> <../plots//income/knn_n_neighbors_AUC.png>]
<../plots//nfl/knn_accuracy_learning_curve.png, id=81, 462.528pt x 346.896pt>
File: ../plots//nfl/knn_accuracy_learning_curve.png Graphic file (type png)
<use ../plots//nfl/knn_accuracy_learning_curve.png>
Package pdftex.def Info: ../plots//nfl/knn_accuracy_learning_curve.png  used on
 input line 126.
(pdftex.def)             Requested size: 234.87749pt x 176.15768pt.
<../plots//income/knn_accuracy_learning_curve.png, id=82, 462.528pt x 346.896pt
>
File: ../plots//income/knn_accuracy_learning_curve.png Graphic file (type png)
<use ../plots//income/knn_accuracy_learning_curve.png>
Package pdftex.def Info: ../plots//income/knn_accuracy_learning_curve.png  used
 on input line 130.
(pdftex.def)             Requested size: 234.87749pt x 176.15768pt.
<../plots//nfl/svm_C_AUC.png, id=83, 462.528pt x 346.896pt>
File: ../plots//nfl/svm_C_AUC.png Graphic file (type png)
<use ../plots//nfl/svm_C_AUC.png>
Package pdftex.def Info: ../plots//nfl/svm_C_AUC.png  used on input line 144.
(pdftex.def)             Requested size: 234.87749pt x 176.15768pt.
<../plots//income/svm_C_AUC.png, id=84, 462.528pt x 346.896pt>
File: ../plots//income/svm_C_AUC.png Graphic file (type png)
<use ../plots//income/svm_C_AUC.png>
Package pdftex.def Info: ../plots//income/svm_C_AUC.png  used on input line 148
.
(pdftex.def)             Requested size: 234.87749pt x 176.15768pt.
 [5 <../plots//nfl/knn_accuracy_learning_curve.png> <../plots//income/knn_accur
acy_learning_curve.png>]
<../plots//nfl/svm_accuracy_learning_curve.png, id=92, 462.528pt x 346.896pt>
File: ../plots//nfl/svm_accuracy_learning_curve.png Graphic file (type png)
<use ../plots//nfl/svm_accuracy_learning_curve.png>
Package pdftex.def Info: ../plots//nfl/svm_accuracy_learning_curve.png  used on
 input line 157.
(pdftex.def)             Requested size: 234.87749pt x 176.15768pt.
<../plots//income/svm_accuracy_learning_curve.png, id=93, 462.528pt x 346.896pt
>
File: ../plots//income/svm_accuracy_learning_curve.png Graphic file (type png)
<use ../plots//income/svm_accuracy_learning_curve.png>
Package pdftex.def Info: ../plots//income/svm_accuracy_learning_curve.png  used
 on input line 161.
(pdftex.def)             Requested size: 234.87749pt x 176.15768pt.
<../plots//nfl/ada_boost_N_estimators_AUC.png, id=94, 462.528pt x 346.896pt>
File: ../plots//nfl/ada_boost_N_estimators_AUC.png Graphic file (type png)
<use ../plots//nfl/ada_boost_N_estimators_AUC.png>
Package pdftex.def Info: ../plots//nfl/ada_boost_N_estimators_AUC.png  used on 
input line 173.
(pdftex.def)             Requested size: 234.87749pt x 176.15768pt.
<../plots//income/ada_boost_N_estimators_AUC.png, id=95, 462.528pt x 346.896pt>

File: ../plots//income/ada_boost_N_estimators_AUC.png Graphic file (type png)
<use ../plots//income/ada_boost_N_estimators_AUC.png>
Package pdftex.def Info: ../plots//income/ada_boost_N_estimators_AUC.png  used 
on input line 177.
(pdftex.def)             Requested size: 234.87749pt x 176.15768pt.
 [6 <../plots//nfl/svm_C_AUC.png> <../plots//income/svm_C_AUC.png> <../plots//n
fl/svm_accuracy_learning_curve.png> <../plots//income/svm_accuracy_learning_cur
ve.png>]
<../plots//nfl/ada_boost_accuracy_learning_curve.png, id=106, 462.528pt x 346.8
96pt>
File: ../plots//nfl/ada_boost_accuracy_learning_curve.png Graphic file (type pn
g)
<use ../plots//nfl/ada_boost_accuracy_learning_curve.png>
Package pdftex.def Info: ../plots//nfl/ada_boost_accuracy_learning_curve.png  u
sed on input line 186.
(pdftex.def)             Requested size: 234.87749pt x 176.15768pt.
<../plots//income/ada_boost_accuracy_learning_curve.png, id=107, 462.528pt x 34
6.896pt>
File: ../plots//income/ada_boost_accuracy_learning_curve.png Graphic file (type
 png)
<use ../plots//income/ada_boost_accuracy_learning_curve.png>
Package pdftex.def Info: ../plots//income/ada_boost_accuracy_learning_curve.png
  used on input line 190.
(pdftex.def)             Requested size: 234.87749pt x 176.15768pt.
<../plots//nfl/mlp_N_hidden_layers_AUC.png, id=108, 462.528pt x 346.896pt>
File: ../plots//nfl/mlp_N_hidden_layers_AUC.png Graphic file (type png)
<use ../plots//nfl/mlp_N_hidden_layers_AUC.png>
Package pdftex.def Info: ../plots//nfl/mlp_N_hidden_layers_AUC.png  used on inp
ut line 202.
(pdftex.def)             Requested size: 234.87749pt x 176.15768pt.
<../plots//income/mlp_N_hidden_layers_AUC.png, id=109, 462.528pt x 346.896pt>
File: ../plots//income/mlp_N_hidden_layers_AUC.png Graphic file (type png)
<use ../plots//income/mlp_N_hidden_layers_AUC.png>
Package pdftex.def Info: ../plots//income/mlp_N_hidden_layers_AUC.png  used on 
input line 206.
(pdftex.def)             Requested size: 234.87749pt x 176.15768pt.
 [7 <../plots//nfl/ada_boost_N_estimators_AUC.png> <../plots//income/ada_boost_
N_estimators_AUC.png> <../plots//nfl/ada_boost_accuracy_learning_curve.png> <..
/plots//income/ada_boost_accuracy_learning_curve.png>]
<../plots//nfl/mlp_Accuracy_learning_curve.png, id=121, 462.528pt x 346.896pt>
File: ../plots//nfl/mlp_Accuracy_learning_curve.png Graphic file (type png)
<use ../plots//nfl/mlp_Accuracy_learning_curve.png>
Package pdftex.def Info: ../plots//nfl/mlp_Accuracy_learning_curve.png  used on
 input line 217.
(pdftex.def)             Requested size: 234.87749pt x 176.15768pt.
<../plots//income/mlp_Accuracy_learning_curve.png, id=122, 462.528pt x 346.896p
t>
File: ../plots//income/mlp_Accuracy_learning_curve.png Graphic file (type png)
<use ../plots//income/mlp_Accuracy_learning_curve.png>
Package pdftex.def Info: ../plots//income/mlp_Accuracy_learning_curve.png  used
 on input line 221.
(pdftex.def)             Requested size: 234.87749pt x 176.15768pt.
 [8 <../plots//nfl/mlp_N_hidden_layers_AUC.png> <../plots//income/mlp_N_hidden_
layers_AUC.png> <../plots//nfl/mlp_Accuracy_learning_curve.png> <../plots//inco
me/mlp_Accuracy_learning_curve.png>]
<../plots//income/svm_fit_curve.png, id=133, 462.528pt x 346.896pt>
File: ../plots//income/svm_fit_curve.png Graphic file (type png)
<use ../plots//income/svm_fit_curve.png>
Package pdftex.def Info: ../plots//income/svm_fit_curve.png  used on input line
 235.
(pdftex.def)             Requested size: 234.87749pt x 176.15768pt.
<../plots//income/decision_tree_fit_curve.png, id=134, 462.528pt x 346.896pt>
File: ../plots//income/decision_tree_fit_curve.png Graphic file (type png)
<use ../plots//income/decision_tree_fit_curve.png>
Package pdftex.def Info: ../plots//income/decision_tree_fit_curve.png  used on 
input line 239.
(pdftex.def)             Requested size: 234.87749pt x 176.15768pt.
<../plots//income/svm_score_curve.png, id=135, 462.528pt x 346.896pt>
File: ../plots//income/svm_score_curve.png Graphic file (type png)
<use ../plots//income/svm_score_curve.png>
Package pdftex.def Info: ../plots//income/svm_score_curve.png  used on input li
ne 248.
(pdftex.def)             Requested size: 234.87749pt x 176.15768pt.
<../plots//income/decision_tree_score_curve.png, id=136, 462.528pt x 346.896pt>

File: ../plots//income/decision_tree_score_curve.png Graphic file (type png)
<use ../plots//income/decision_tree_score_curve.png>
Package pdftex.def Info: ../plots//income/decision_tree_score_curve.png  used o
n input line 252.
(pdftex.def)             Requested size: 234.87749pt x 176.15768pt.
 [9 <../plots//income/svm_fit_curve.png> <../plots//income/decision_tree_fit_cu
rve.png> <../plots//income/svm_score_curve.png> <../plots//income/decision_tree
_score_curve.png>] [10] [11] (./dlin319-analysis.aux)
Package rerunfilecheck Info: File `dlin319-analysis.out' has not changed.
(rerunfilecheck)             Checksum: B5E2B8A413A0A57134771896DAAA6037;1051.
 ) 
Here is how much of TeX's memory you used:
 13106 strings out of 478994
 202561 string characters out of 5858185
 519833 words of memory out of 5000000
 30381 multiletter control sequences out of 15000+600000
 410060 words of font info for 50 fonts, out of 8000000 for 9000
 1141 hyphenation exceptions out of 8191
 71i,8n,77p,1284b,431s stack positions out of 5000i,500n,10000p,200000b,80000s
{/usr/local/texlive/2021/texmf-dist/fonts/enc/dvips/cm-super/cm-super-ts1.enc
}</usr/local/texlive/2021/texmf-dist/fonts/type1/public/amsfonts/cm/cmbx12.pfb>
</usr/local/texlive/2021/texmf-dist/fonts/type1/public/amsfonts/cm/cmr12.pfb></
usr/local/texlive/2021/texmf-dist/fonts/type1/public/amsfonts/cm/cmr17.pfb></us
r/local/texlive/2021/texmf-dist/fonts/type1/public/amsfonts/cm/cmr8.pfb></usr/l
ocal/texlive/2021/texmf-dist/fonts/type1/public/cm-super/sfrm1200.pfb>
Output written on dlin319-analysis.pdf (11 pages, 1254767 bytes).
PDF statistics:
 192 PDF objects out of 1000 (max. 8388607)
 124 compressed objects within 2 object streams
 41 named destinations out of 1000 (max. 500000)
 193 words of extra memory for PDF output out of 10000 (max. 10000000)

